# JRE version: OpenJDK Runtime Environment JBR-17.0.14+1-1367.22-nomod (17.0.14+1) (build 17.0.14+1-b1367.22)
# Java VM: OpenJDK 64-Bit Server VM JBR-17.0.14+1-1367.22-nomod (17.0.14+1-b1367.22, mixed mode, sharing, tiered, compressed oops, compressed class ptrs, g1 gc, windows-amd64)
GC Precious Log:
 CPUs: 12 total, 12 available
 Memory: 16075M
 Large Page Support: Disabled
 NUMA Support: Disabled
 Compressed Oops: Enabled (Zero based)
 Heap Region Size: 2M
 Heap Min Capacity: 8M
 Heap Initial Capacity: 252M
 Heap Max Capacity: 4020M
 Pre-touch: Disabled
 Parallel Workers: 10
 Concurrent Workers: 3
 Concurrent Refinement Workers: 10
 Periodic GC: Disabled
Heap:
 garbage-first heap   total 131072K, used 79610K [0x0000000704c00000, 0x0000000800000000)
  region size 2048K, 7 young (14336K), 3 survivors (6144K)
 Metaspace       used 48502K, committed 49024K, reserved 1114112K
  class space    used 6613K, committed 6848K, reserved 1048576K
GC Heap History (20 events):
Event: 1.626 GC heap before
{Heap before GC invocations=1 (full 0):
 garbage-first heap   total 258048K, used 35983K [0x0000000704c00000, 0x0000000800000000)
  region size 2048K, 19 young (38912K), 2 survivors (4096K)
 Metaspace       used 13745K, committed 13952K, reserved 1114112K
  class space    used 1811K, committed 1920K, reserved 1048576K
}
Event: 1.633 GC heap after
{Heap after GC invocations=2 (full 0):
 garbage-first heap   total 258048K, used 8459K [0x0000000704c00000, 0x0000000800000000)
  region size 2048K, 3 young (6144K), 3 survivors (6144K)
 Metaspace       used 13745K, committed 13952K, reserved 1114112K
  class space    used 1811K, committed 1920K, reserved 1048576K
}
Event: 57.871 GC heap before
{Heap before GC invocations=2 (full 0):
 garbage-first heap   total 258048K, used 49419K [0x0000000704c00000, 0x0000000800000000)
  region size 2048K, 23 young (47104K), 3 survivors (6144K)
 Metaspace       used 21258K, committed 21504K, reserved 1114112K
  class space    used 2912K, committed 3072K, reserved 1048576K
}
Event: 57.881 GC heap after
{Heap after GC invocations=3 (full 0):
 garbage-first heap   total 258048K, used 14403K [0x0000000704c00000, 0x0000000800000000)
  region size 2048K, 5 young (10240K), 5 survivors (10240K)
 Metaspace       used 21258K, committed 21504K, reserved 1114112K
  class space    used 2912K, committed 3072K, reserved 1048576K
}
Event: 58.325 GC heap before
{Heap before GC invocations=4 (full 0):
 garbage-first heap   total 61440K, used 41027K [0x0000000704c00000, 0x0000000800000000)
  region size 2048K, 18 young (36864K), 5 survivors (10240K)
 Metaspace       used 25924K, committed 26176K, reserved 1114112K
  class space    used 3526K, committed 3648K, reserved 1048576K
}
Event: 58.335 GC heap after
{Heap after GC invocations=5 (full 0):
 garbage-first heap   total 61440K, used 18601K [0x0000000704c00000, 0x0000000800000000)
  region size 2048K, 3 young (6144K), 3 survivors (6144K)
 Metaspace       used 25924K, committed 26176K, reserved 1114112K
  class space    used 3526K, committed 3648K, reserved 1048576K
}
Event: 58.356 GC heap before
{Heap before GC invocations=5 (full 0):
 garbage-first heap   total 61440K, used 20649K [0x0000000704c00000, 0x0000000800000000)
  region size 2048K, 4 young (8192K), 3 survivors (6144K)
 Metaspace       used 26226K, committed 26560K, reserved 1114112K
  class space    used 3561K, committed 3712K, reserved 1048576K
}
Event: 58.360 GC heap after
{Heap after GC invocations=6 (full 0):
 garbage-first heap   total 61440K, used 19748K [0x0000000704c00000, 0x0000000800000000)
  region size 2048K, 1 young (2048K), 1 survivors (2048K)
 Metaspace       used 26226K, committed 26560K, reserved 1114112K
  class space    used 3561K, committed 3712K, reserved 1048576K
}
Event: 59.158 GC heap before
{Heap before GC invocations=6 (full 0):
 garbage-first heap   total 61440K, used 42276K [0x0000000704c00000, 0x0000000800000000)
  region size 2048K, 12 young (24576K), 1 survivors (2048K)
 Metaspace       used 27662K, committed 27904K, reserved 1114112K
  class space    used 3752K, committed 3904K, reserved 1048576K
}
Event: 59.166 GC heap after
{Heap after GC invocations=7 (full 0):
 garbage-first heap   total 159744K, used 25144K [0x0000000704c00000, 0x0000000800000000)
  region size 2048K, 2 young (4096K), 2 survivors (4096K)
 Metaspace       used 27662K, committed 27904K, reserved 1114112K
  class space    used 3752K, committed 3904K, reserved 1048576K
}
Event: 59.947 GC heap before
{Heap before GC invocations=7 (full 0):
 garbage-first heap   total 159744K, used 64056K [0x0000000704c00000, 0x0000000800000000)
  region size 2048K, 23 young (47104K), 2 survivors (4096K)
 Metaspace       used 35724K, committed 35968K, reserved 1114112K
  class space    used 4705K, committed 4864K, reserved 1048576K
}
Event: 59.957 GC heap after
{Heap after GC invocations=8 (full 0):
 garbage-first heap   total 159744K, used 29398K [0x0000000704c00000, 0x0000000800000000)
  region size 2048K, 5 young (10240K), 5 survivors (10240K)
 Metaspace       used 35724K, committed 35968K, reserved 1114112K
  class space    used 4705K, committed 4864K, reserved 1048576K
}
Event: 62.239 GC heap before
{Heap before GC invocations=9 (full 0):
 garbage-first heap   total 116736K, used 66262K [0x0000000704c00000, 0x0000000800000000)
  region size 2048K, 15 young (30720K), 5 survivors (10240K)
 Metaspace       used 41131K, committed 41472K, reserved 1114112K
  class space    used 5443K, committed 5568K, reserved 1048576K
}
Event: 62.254 GC heap after
{Heap after GC invocations=10 (full 0):
 garbage-first heap   total 116736K, used 49544K [0x0000000704c00000, 0x0000000800000000)
  region size 2048K, 3 young (6144K), 3 survivors (6144K)
 Metaspace       used 41131K, committed 41472K, reserved 1114112K
  class space    used 5443K, committed 5568K, reserved 1048576K
}
Event: 66.886 GC heap before
{Heap before GC invocations=10 (full 0):
 garbage-first heap   total 116736K, used 80264K [0x0000000704c00000, 0x0000000800000000)
  region size 2048K, 11 young (22528K), 3 survivors (6144K)
 Metaspace       used 41671K, committed 41984K, reserved 1114112K
  class space    used 5468K, committed 5568K, reserved 1048576K
}
Event: 66.894 GC heap after
{Heap after GC invocations=11 (full 0):
 garbage-first heap   total 116736K, used 69313K [0x0000000704c00000, 0x0000000800000000)
  region size 2048K, 2 young (4096K), 2 survivors (4096K)
 Metaspace       used 41671K, committed 41984K, reserved 1114112K
  class space    used 5468K, committed 5568K, reserved 1048576K
}
Event: 69.715 GC heap before
{Heap before GC invocations=12 (full 0):
 garbage-first heap   total 131072K, used 91841K [0x0000000704c00000, 0x0000000800000000)
  region size 2048K, 12 young (24576K), 2 survivors (4096K)
 Metaspace       used 44509K, committed 44864K, reserved 1114112K
  class space    used 5964K, committed 6144K, reserved 1048576K
}
Event: 69.721 GC heap after
{Heap after GC invocations=13 (full 0):
 garbage-first heap   total 131072K, used 70498K [0x0000000704c00000, 0x0000000800000000)
  region size 2048K, 2 young (4096K), 2 survivors (4096K)
 Metaspace       used 44509K, committed 44864K, reserved 1114112K
  class space    used 5964K, committed 6144K, reserved 1048576K
}
Event: 70.548 GC heap before
{Heap before GC invocations=13 (full 0):
 garbage-first heap   total 131072K, used 103266K [0x0000000704c00000, 0x0000000800000000)
  region size 2048K, 18 young (36864K), 2 survivors (4096K)
 Metaspace       used 48314K, committed 48768K, reserved 1114112K
  class space    used 6579K, committed 6784K, reserved 1048576K
}
Event: 70.554 GC heap after
{Heap after GC invocations=14 (full 0):
 garbage-first heap   total 131072K, used 73466K [0x0000000704c00000, 0x0000000800000000)
  region size 2048K, 3 young (6144K), 3 survivors (6144K)
 Metaspace       used 48314K, committed 48768K, reserved 1114112K
  class space    used 6579K, committed 6784K, reserved 1048576K
}

